<?xml version="1.0" encoding="UTF-8"?>
<!-- Generated by org.testng.reporters.JUnitReportReporter -->
<testsuite skipped="2" hostname="Nityanand-PC" name="ZeroBankProj.TestCases.TC_Login" tests="2" failures="0" timestamp="02 Feb 2018 03:30:15 GMT" time="0.000" errors="0">
  <testcase name="Logintest" time="0.000" classname="ZeroBankProj.TestCases.TC_Login">
    <skipped/>
  </testcase> <!-- Logintest -->
  <testcase name="Logintest" time="0.000" classname="ZeroBankProj.TestCases.TC_Login">
    <skipped/>
  </testcase> <!-- Logintest -->
</testsuite> <!-- ZeroBankProj.TestCases.TC_Login -->
